default 1
timeout 15
gfxmenu /boot/message
color yellow/black white/black white/black white/black
write (md)0x220+1 !BAT\necho -n -P:0000 $[0107]                                BLDZR v3.1.3 DVD                              \0 && initscript (md)0x220+1
splashimage (hd0,0)/boot/syslinux/


### MENU END
title 	Go Back\n                        Boot Loader Disc of Zenith Repair
configfile /menu.lst
### MENU END

### MENU START
title 		    CrunchBang\n                        Boot Loader Disc of Zenith Repair          
find --set-root /images/crunchbang.iso
map /images/crunchbang.iso (0xff) || map --mem /images/crunchbang.iso (0xff)
map --hook
root (0xff)
kernel /live/vmlinuz boot=live live-media-path=live live-config live-config.hostname=crunchbang live-config.username=crunchbang noprompt findiso=/images/crunchbang.iso quiet splash --
initrd /live/initrd.img
### MENU END

### MENU START
title 		    P.I.N.G.\n                        Boot Loader Disc of Zenith Repair          
find --set-root /images/ping.iso
map /images/ping.iso (0xff) || map --mem /images/ping.iso (0xff)
map --hook
root (0xff)
kernel /casper/vmlinuz  file=/cdrom/preseed/ubuntu.seed noprompt boot=casper iso-scan/filename=/images/ping.iso quiet splash --
initrd /casper/initrd.lz
### MENU END

### MENU START
title	Boot HDD\n                        Boot Loader Disc of Zenith Repair
find --set-root --ignore-floppies --ignore-cd /bootmgr || find --set-root --ignore-floppies --ignore-cd /ntldr || rootnoverify (hd0) && chainloader +1 && boot
map () (hd0) && map (hd0) () && map --rehook
find --set-root --devices=h /bootmgr || find --set-root --ignore-floppies --ignore-cd /ntldr
chainloader /bootmgr || chainloader /ntldr
### MENU END