default 1
gfxmenu /boot/message
color yellow/black white/black white/black white/black
write (md)0x220+1 !BAT\necho -n -P:0000 $[0107]                                BLDZR v3.1.3 DVD                              \0 && initscript (md)0x220+1
splashimage (hd0,0)/boot/syslinux/


### MENU END
title 	Go Back\n                        Boot Loader Disc of Zenith Repair
configfile /menu.lst
### MENU END

### MENU START
###title 		    XP Home SP3 Repair and Install\n                        Boot Loader Disc of Zenith Repair          
###ls /images/xp/winxphspt.iso || find --set-root /images/xp/winxphspt.iso
###map --heads=0 --sectors-per-track=0 /images/xp/winxphspt.iso (0xff) || map --heads=0 --sectors-per-track=0 --mem /images/xp/winxphspt.iso (0xff)
###map --hook
###chainloader (0xff)
### MENU END

### MENU START
###title 		    XP Pro SP3 Repair and Install\n                        Boot Loader Disc of Zenith Repair          
###ls /images/xp/winxpspt.iso || find --set-root /images/xp/winxpspt.iso
###map --heads=0 --sectors-per-track=0 /images/xp/winxpspt.iso (0xff) || map --heads=0 --sectors-per-track=0 --mem /images/xp/winxpspt.iso (0xff)
###map --hook
###chainloader (0xff)
### MENU END

### MENU START
###title 		    Vista 32bit Repair\n                        Boot Loader Disc of Zenith Repair          
###ls /images/vista/winvttrd.iso || find --set-root /images/vista/winvttrd.iso
###map --heads=0 --sectors-per-track=0 /images/vista/winvttrd.iso (0xff) || map --heads=0 --sectors-per-track=0 --mem /images/vista/winvttrd.iso (0xff)
###map --hook
###chainloader (0xff)
### MENU END

### MENU START
###title 		    Vista 64bit Repair\n                        Boot Loader Disc of Zenith Repair          
###ls /images/vista/winvsfrd.iso || find --set-root /images/vista/winvsfrd.iso
###map --heads=0 --sectors-per-track=0 /images/vista/winvsfrd.iso (0xff) || map --heads=0 --sectors-per-track=0 --mem /images/vista/winvsfrd.iso (0xff)
###map --hook
###chainloader (0xff)
### MENU END

### MENU START
###title 		    Seven 32bit Repair\n                        Boot Loader Disc of Zenith Repair          
###ls /images/seven/winsttrd.iso || find --set-root /images/seven/winsttrd.iso
###map --heads=0 --sectors-per-track=0 /images/seven/winsttrd.iso (0xff) || map --heads=0 --sectors-per-track=0 --mem /images/seven/winsttrd.iso (0xff)
###map --hook
###chainloader (0xff)
### MENU END

### MENU START
###title 		    Seven 64bit Repair\n                        Boot Loader Disc of Zenith Repair          
###ls /images/seven/winssfrd.iso || find --set-root /images/seven/winssfrd.iso
###map --heads=0 --sectors-per-track=0 /images/seven/winssfrd.iso (0xff) || map --heads=0 --sectors-per-track=0 --mem /images/seven/winssfrd.iso (0xff)
###map --hook
###chainloader (0xff)
### MENU END

### MENU START
###title	Boot HDD\n                        Boot Loader Disc of Zenith Repair
###find --set-root --ignore-floppies --ignore-cd /bootmgr || find --set-root --ignore-floppies --ignore-cd /ntldr || rootnoverify (hd0) && chainloader +1 && boot
###map () (hd0) && map (hd0) () && map --rehook
###find --set-root --devices=h /bootmgr || find --set-root --ignore-floppies --ignore-cd /ntldr
###chainloader /bootmgr || chainloader /ntldr
### MENU END